This file contains any messages produced by compilers while
running configure, to aid debugging if configure makes a mistake.

It was created by jfindent configure 1.2, which was
generated by GNU Autoconf 2.69.  Invocation command line was

  $ ./configure 

## --------- ##
## Platform. ##
## --------- ##

hostname = piccolo
uname -m = x86_64
uname -r = 3.13.0-63-generic
uname -s = Linux
uname -v = #103-Ubuntu SMP Fri Aug 14 21:42:59 UTC 2015

/usr/bin/uname -p = unknown
/bin/uname -X     = unknown

/bin/arch              = unknown
/usr/bin/arch -k       = unknown
/usr/convex/getsysinfo = unknown
/usr/bin/hostinfo      = unknown
/bin/machine           = unknown
/usr/bin/oslevel       = unknown
/bin/universe          = unknown

PATH: /sara/sw/modules/wrappers/sara
PATH: /sara/sw/gcc-5.2.0/bin
PATH: /home/willem/bin
PATH: /home/willem/myroot/usr/local/Copy
PATH: /home/willem/bin
PATH: /home/willem/wroot/bin
PATH: /home/willem/myroot/usr/local/bin
PATH: /home/willem/myroot/usr/local/sbin
PATH: /home/willem/myroot/usr/bin
PATH: /home/willem/myroot/usr/sbin
PATH: /usr/sara/bin
PATH: /usr/local/sbin
PATH: /usr/local/bin
PATH: /usr/sbin
PATH: /usr/bin
PATH: /sbin
PATH: /bin
PATH: /usr/games
PATH: /usr/local/games


## ----------- ##
## Core tests. ##
## ----------- ##

configure:2490: checking whether to enable maintainer-specific portions of Makefiles
configure:2499: result: no
configure:2560: checking for a BSD-compatible install
configure:2628: result: /usr/bin/install -c
configure:2639: checking whether build environment is sane
configure:2694: result: yes
configure:2845: checking for a thread-safe mkdir -p
configure:2884: result: /bin/mkdir -p
configure:2891: checking for gawk
configure:2907: found /usr/bin/gawk
configure:2918: result: gawk
configure:2929: checking whether make sets $(MAKE)
configure:2951: result: yes
configure:2980: checking whether make supports nested variables
configure:2997: result: yes
configure:3129: java: javac java
configure:3221: checking if javac works
configure:3235: javac  Test.java
Picked up _JAVA_OPTIONS: -Dsun.java2d.opengl=true
configure:3238: $? = 0
configure:3249: result: yes
configure:3345: checking for uudecode
configure:3363: found /usr/bin/uudecode
configure:3376: result: /usr/bin/uudecode
configure:3396: checking if uudecode can decode base 64 file
configure:3418: result: yes
configure:3552: checking if java works
configure:3583: java -classpath .  Test
Picked up _JAVA_OPTIONS: -Dsun.java2d.opengl=true
configure:3586: $? = 0
configure:3597: result: yes
configure:3608: checking for jar
configure:3624: found /usr/bin/jar
configure:3635: result: jar
configure:3695: checking for uudecode
configure:3726: result: /usr/bin/uudecode
configure:3746: checking if uudecode can decode base 64 file
configure:3762: result: yes
configure:3905: checking if jar works
configure:3937: java -classpath .  Test
Picked up _JAVA_OPTIONS: -Dsun.java2d.opengl=true
configure:3940: $? = 0
configure:3944: jar cfe Test.jar Test Test.class
Picked up _JAVA_OPTIONS: -Dsun.java2d.opengl=true
configure:3947: $? = 0
configure:3963: result: yes
configure:3967: javac: javac
configure:3969: java:  java
configure:3971: jar:   jar
configure:3986: javac  Test.java
Picked up _JAVA_OPTIONS: -Dsun.java2d.opengl=true
configure:3989: $? = 0
configure:3992: Succesfully compiled simple java program
configure:4122: checking that generated files are newer than configure
configure:4128: result: done
configure:4136: creating ./config.status

## ---------------------- ##
## Running config.status. ##
## ---------------------- ##

This file was extended by jfindent config.status 1.2, which was
generated by GNU Autoconf 2.69.  Invocation command line was

  CONFIG_FILES    = 
  CONFIG_HEADERS  = 
  CONFIG_LINKS    = 
  CONFIG_COMMANDS = 
  $ ./config.status 

on piccolo

config.status:818: creating Makefile
config.status:818: creating src/Makefile
config.status:818: creating config.h

## ---------------- ##
## Cache variables. ##
## ---------------- ##

ac_cv_env_JAR_set=
ac_cv_env_JAR_value=
ac_cv_env_JAVACFLAGS_set=
ac_cv_env_JAVACFLAGS_value=
ac_cv_env_JAVAC_set=
ac_cv_env_JAVAC_value=
ac_cv_env_JAVA_set=
ac_cv_env_JAVA_value=
ac_cv_env_build_alias_set=
ac_cv_env_build_alias_value=
ac_cv_env_host_alias_set=
ac_cv_env_host_alias_value=
ac_cv_env_target_alias_set=
ac_cv_env_target_alias_value=
ac_cv_path_UUDECODE=/usr/bin/uudecode
ac_cv_path_install='/usr/bin/install -c'
ac_cv_path_mkdir=/bin/mkdir
ac_cv_prog_AWK=gawk
ac_cv_prog_JAR=jar
ac_cv_prog_jar_works=yes
ac_cv_prog_java_works=yes
ac_cv_prog_javac_works=yes
ac_cv_prog_make_make_set=yes
ac_cv_prog_uudecode_base64=yes
am_cv_make_support_nested_variables=yes

## ----------------- ##
## Output variables. ##
## ----------------- ##

ACLOCAL='${SHELL} /home/willem/sourceforge/findent-code/trunk/jfindent/missing aclocal-1.14'
AMTAR='$${TAR-tar}'
AM_BACKSLASH='\'
AM_DEFAULT_V='$(AM_DEFAULT_VERBOSITY)'
AM_DEFAULT_VERBOSITY='1'
AM_V='$(V)'
AUTOCONF='${SHELL} /home/willem/sourceforge/findent-code/trunk/jfindent/missing autoconf'
AUTOHEADER='${SHELL} /home/willem/sourceforge/findent-code/trunk/jfindent/missing autoheader'
AUTOMAKE='${SHELL} /home/willem/sourceforge/findent-code/trunk/jfindent/missing automake-1.14'
AWK='gawk'
CYGPATH_W='echo'
DEFS='-DHAVE_CONFIG_H'
ECHO_C=''
ECHO_N='-n'
ECHO_T=''
INSTALL_DATA='${INSTALL} -m 644'
INSTALL_PROGRAM='${INSTALL}'
INSTALL_SCRIPT='${INSTALL}'
INSTALL_STRIP_PROGRAM='$(install_sh) -c -s'
JAR='jar'
JAVA='java'
JAVAC='javac'
JAVACFLAGS=''
LIBOBJS=''
LIBS=''
LTLIBOBJS=''
MAINT='#'
MAINTAINER_MODE_FALSE=''
MAINTAINER_MODE_TRUE='#'
MAKEINFO='${SHELL} /home/willem/sourceforge/findent-code/trunk/jfindent/missing makeinfo'
MKDIR_P='/bin/mkdir -p'
PACKAGE='jfindent'
PACKAGE_BUGREPORT='wvermin@gmail.com'
PACKAGE_NAME='jfindent'
PACKAGE_STRING='jfindent 1.2'
PACKAGE_TARNAME='jfindent'
PACKAGE_URL=''
PACKAGE_VERSION='1.2'
PATH_SEPARATOR=':'
SET_MAKE=''
SHELL='/bin/bash'
STRIP=''
UUDECODE='/usr/bin/uudecode'
VERSION='1.2'
am__isrc=''
am__leading_dot='.'
am__tar='$${TAR-tar} chof - "$$tardir"'
am__untar='$${TAR-tar} xf -'
bindir='${exec_prefix}/bin'
build_alias=''
datadir='${datarootdir}'
datarootdir='${prefix}/share'
docdir='${datarootdir}/doc/${PACKAGE_TARNAME}'
dvidir='${docdir}'
exec_prefix='${prefix}'
host_alias=''
htmldir='${docdir}'
includedir='${prefix}/include'
infodir='${datarootdir}/info'
install_sh='${SHELL} /home/willem/sourceforge/findent-code/trunk/jfindent/install-sh'
libdir='${exec_prefix}/lib'
libexecdir='${exec_prefix}/libexec'
localedir='${datarootdir}/locale'
localstatedir='${prefix}/var'
mandir='${datarootdir}/man'
mkdir_p='$(MKDIR_P)'
oldincludedir='/usr/include'
pdfdir='${docdir}'
prefix='/usr/local'
program_transform_name='s,x,x,'
psdir='${docdir}'
sbindir='${exec_prefix}/sbin'
sharedstatedir='${prefix}/com'
sysconfdir='${prefix}/etc'
target_alias=''

## ----------- ##
## confdefs.h. ##
## ----------- ##

/* confdefs.h */
#define PACKAGE_NAME "jfindent"
#define PACKAGE_TARNAME "jfindent"
#define PACKAGE_VERSION "1.2"
#define PACKAGE_STRING "jfindent 1.2"
#define PACKAGE_BUGREPORT "wvermin@gmail.com"
#define PACKAGE_URL ""
#define PACKAGE "jfindent"
#define VERSION "1.2"

configure: exit 0
